<?xml version="1.0" encoding="UTF-8"?>
<testsuite name="com.bmcl.numbers.ListFiltererTest" tests="1" skipped="0" failures="0" errors="0" timestamp="2023-10-24T23:10:26" hostname="ESCRITORIO" time="0.024">
  <properties/>
  <testcase name="ListFiltererTest()" classname="com.bmcl.numbers.ListFiltererTest" time="0.024"/>
  <system-out><![CDATA[]]></system-out>
  <system-err><![CDATA[]]></system-err>
</testsuite>
