<?xml version="1.0" encoding="UTF-8"?>
<testsuite name="com.bmcl.numbers.DivisibleByFilterTest" tests="1" skipped="0" failures="0" errors="0" timestamp="2023-10-24T23:10:26" hostname="ESCRITORIO" time="0.001">
  <properties/>
  <testcase name="DivisibleByFilterTest()" classname="com.bmcl.numbers.DivisibleByFilterTest" time="0.001"/>
  <system-out><![CDATA[]]></system-out>
  <system-err><![CDATA[]]></system-err>
</testsuite>
